2010-08-09 14:30:34.742/0.984 Oracle Coherence 3.6.0.0 DPR2 <Info> (thread=main, member=n/a): Loaded operational configuration from "jar:file:/D:/oracle/coherence/lib/coherence.jar!/tangosol-coherence.xml"
2010-08-09 14:30:34.742/0.984 Oracle Coherence 3.6.0.0 DPR2 <Info> (thread=main, member=n/a): Loaded operational overrides from "jar:file:/D:/oracle/coherence/lib/coherence.jar!/tangosol-coherence-override-dev.xml"
2010-08-09 14:30:34.742/0.984 Oracle Coherence 3.6.0.0 DPR2 <Info> (thread=main, member=n/a): Loaded operational overrides from "jar:file:/D:/oracle/student/support/coherence-tools-1.0.jar!/tangosol-coherence-override.xml"
2010-08-09 14:30:34.758/1.000 Oracle Coherence 3.6.0.0 DPR2 <D5> (thread=main, member=n/a): Optional configuration override "/custom-mbeans.xml" is not specified

Oracle Coherence Version 3.6.0.0 DPR2 Build 14713
 Grid Edition: Development mode
Copyright (c) 2000, 2010, Oracle and/or its affiliates. All rights reserved.

2010-08-09 14:30:35.321/1.563 Oracle Coherence GE 3.6.0.0 DPR2 <Info> (thread=main, member=n/a): Loaded cache configuration from "jar:file:/D:/oracle/coherence/lib/coherence.jar!/coherence-cache-config.xml"
2010-08-09 14:30:36.477/2.719 Oracle Coherence GE 3.6.0.0 DPR2 <D5> (thread=Cluster, member=n/a): Service Cluster joined the cluster with senior service member n/a
2010-08-09 14:30:37.664/3.906 Oracle Coherence GE 3.6.0.0 DPR2 <Info> (thread=Cluster, member=n/a): This Member(Id=2, Timestamp=2010-08-09 14:33:24.921, Address=10.149.158.18:8088, MachineId=274, Location=process:2636, Role=RetailTestTestMapListener, Edition=Grid Edition, Mode=Development, CpuCount=1, SocketCount=1) joined cluster "cluster:0xC4DB" with senior Member(Id=1, Timestamp=2010-08-09 09:11:26.375, Address=10.137.142.88:8089, MachineId=3416, Location=site:amer.bea.com,machine:quidditch,process:4532, Role=CoherenceConsole, Edition=Grid Edition, Mode=Development, CpuCount=4, SocketCount=2)
2010-08-09 14:30:37.696/3.938 Oracle Coherence GE 3.6.0.0 DPR2 <D5> (thread=Cluster, member=n/a): Member 1 joined Service Cluster with senior member 1
2010-08-09 14:30:37.696/3.938 Oracle Coherence GE 3.6.0.0 DPR2 <D5> (thread=Cluster, member=n/a): Member 1 joined Service Management with senior member 1
2010-08-09 14:30:37.742/3.984 Oracle Coherence GE 3.6.0.0 DPR2 <Info> (thread=main, member=n/a): Started cluster Name=cluster:0xC4DB

Group{Address=224.3.6.0, Port=36000, TTL=4}

MasterMemberSet
  (
  ThisMember=Member(Id=2, Timestamp=2010-08-09 14:33:24.921, Address=10.149.158.18:8088, MachineId=274, Location=process:2636, Role=RetailTestTestMapListener)
  OldestMember=Member(Id=1, Timestamp=2010-08-09 09:11:26.375, Address=10.137.142.88:8089, MachineId=3416, Location=site:amer.bea.com,machine:quidditch,process:4532, Role=CoherenceConsole)
  ActualMemberSet=MemberSet(Size=2, BitSetCount=2
    Member(Id=1, Timestamp=2010-08-09 09:11:26.375, Address=10.137.142.88:8089, MachineId=3416, Location=site:amer.bea.com,machine:quidditch,process:4532, Role=CoherenceConsole)
    Member(Id=2, Timestamp=2010-08-09 14:33:24.921, Address=10.149.158.18:8088, MachineId=274, Location=process:2636, Role=RetailTestTestMapListener)
    )
  RecycleMillis=1200000
  RecycleSet=MemberSet(Size=0, BitSetCount=0
    )
  )

TcpRing{Peer=(none)}
IpMonitor{AddressListSize=1}

2010-08-09 14:30:37.758/4.000 Oracle Coherence GE 3.6.0.0 DPR2 <D5> (thread=TcpRingListener, member=2): Connected to Member(Id=1, Timestamp=2010-08-09 09:11:26.375, Address=10.137.142.88:8089, MachineId=3416, Location=site:amer.bea.com,machine:quidditch,process:4532, Role=CoherenceConsole)
2010-08-09 14:30:37.821/4.063 Oracle Coherence GE 3.6.0.0 DPR2 <D5> (thread=Invocation:Management, member=2): Service Management joined the cluster with senior service member 1
2010-08-09 14:30:38.211/4.453 Oracle Coherence GE 3.6.0.0 DPR2 <D5> (thread=DistributedCache, member=2): Service DistributedCache joined the cluster with senior service member 2
2010-08-09 14:30:38.774/5.016 Oracle Coherence GE 3.6.0.0 DPR2 <D5> (thread=Invocation:Management, member=2): Service Management left the cluster
2010-08-09 14:30:38.789/5.031 Oracle Coherence GE 3.6.0.0 DPR2 <D5> (thread=DistributedCache, member=2): Service DistributedCache left the cluster
2010-08-09 14:30:38.946/5.188 Oracle Coherence GE 3.6.0.0 DPR2 <D5> (thread=Cluster, member=2): Service Cluster left the cluster
2010-08-09 14:33:10.492/0.593 Oracle Coherence 3.6.0.0 DPR2 <Info> (thread=main, member=n/a): Loaded operational configuration from "jar:file:/D:/oracle/coherence/lib/coherence.jar!/tangosol-coherence.xml"
2010-08-09 14:33:10.492/0.593 Oracle Coherence 3.6.0.0 DPR2 <Info> (thread=main, member=n/a): Loaded operational overrides from "jar:file:/D:/oracle/coherence/lib/coherence.jar!/tangosol-coherence-override-dev.xml"
2010-08-09 14:33:10.492/0.593 Oracle Coherence 3.6.0.0 DPR2 <Info> (thread=main, member=n/a): Loaded operational overrides from "jar:file:/D:/oracle/student/support/coherence-tools-1.0.jar!/tangosol-coherence-override.xml"
2010-08-09 14:33:10.508/0.609 Oracle Coherence 3.6.0.0 DPR2 <D5> (thread=main, member=n/a): Optional configuration override "/custom-mbeans.xml" is not specified

Oracle Coherence Version 3.6.0.0 DPR2 Build 14713
 Grid Edition: Development mode
Copyright (c) 2000, 2010, Oracle and/or its affiliates. All rights reserved.

2010-08-09 14:33:10.774/0.875 Oracle Coherence GE 3.6.0.0 DPR2 <Info> (thread=main, member=n/a): Loaded cache configuration from "jar:file:/D:/oracle/coherence/lib/coherence.jar!/coherence-cache-config.xml"
2010-08-09 14:33:11.477/1.578 Oracle Coherence GE 3.6.0.0 DPR2 <D5> (thread=Cluster, member=n/a): Service Cluster joined the cluster with senior service member n/a
2010-08-09 14:35:43.133/153.234 Oracle Coherence GE 3.6.0.0 DPR2 <Warning> (thread=Cluster, member=n/a): This Member(Id=0, Timestamp=2010-08-09 14:33:11.274, Address=10.149.158.18:8088, MachineId=274, Location=process:2804, Role=RetailTestTestMapListener) has been attempting to join the cluster at address 224.3.6.0:36000 with TTL 0 for 151 seconds without success; this could indicate a mis-configured TTL value, or it may simply be the result of a busy cluster or active failover.
2010-08-09 14:35:43.196/153.297 Oracle Coherence GE 3.6.0.0 DPR2 <Warning> (thread=Cluster, member=n/a): Received a discovery message that indicates the presence of an existing cluster that does not respond to join requests; this is usually caused by a network layer failure:
Message "SeniorMemberHeartbeat"
  {
  FromMember=Member(Id=1, Timestamp=2010-08-09 09:11:26.375, Address=10.137.142.88:8089, MachineId=3416, Location=site:amer.bea.com,machine:quidditch,process:4532, Role=CoherenceConsole)
  FromMessageId=0
  Internal=false
  MessagePartCount=1
  PendingCount=0
  MessageType=17
  ToPollId=0
  Poll=null
  Packets
    {
    [000]=Broadcast{PacketType=0x0DDF00D2, ToId=0, FromId=1, Direction=Incoming, ReceivedMillis=14:35:43.133, MessageType=17, MessagePartCount=1, MessagePartIndex=0, Body=0x000000012A56FA1DA70A898E5800000000000000000000000040001F9900000D580001050104020E636C75737465723A3078433444420C616D65722E6265612E636F6D400971756964646974636804343533324010436F686572656E6365436F6E736F6C6500000000012A5820E6EC0001000100, Body.length=116}
    }
  Service=ClusterService{Name=Cluster, State=(SERVICE_STARTED, STATE_ANNOUNCE), Id=0, Version=3.6}
  ToMemberSet=null
  NotifySent=false
  
  LastRecvTimestamp=Mon Aug 09 14:33:25 EDT 2010
  MemberSet=MemberSet(Size=1, BitSetCount=1, ids=[1])
  }
2010-08-09 14:35:49.133/159.234 Oracle Coherence GE 3.6.0.0 DPR2 <Warning> (thread=Cluster, member=n/a): Received a discovery message that indicates the presence of an existing cluster that does not respond to join requests; this is usually caused by a network layer failure:
Message "SeniorMemberHeartbeat"
  {
  FromMember=Member(Id=1, Timestamp=2010-08-09 09:11:26.375, Address=10.137.142.88:8089, MachineId=3416, Location=site:amer.bea.com,machine:quidditch,process:4532, Role=CoherenceConsole)
  FromMessageId=0
  Internal=false
  MessagePartCount=1
  PendingCount=0
  MessageType=17
  ToPollId=0
  Poll=null
  Packets
    {
    [000]=Broadcast{PacketType=0x0DDF00D2, ToId=0, FromId=1, Direction=Incoming, ReceivedMillis=14:35:49.133, MessageType=17, MessagePartCount=1, MessagePartIndex=0, Body=0x000000012A56FA1DA70A898E5800000000000000000000000040001F9900000D580001050104020E636C75737465723A3078433444420C616D65722E6265612E636F6D400971756964646974636804343533324010436F686572656E6365436F6E736F6C6500000000012A5820E6EC0001000100, Body.length=116}
    }
  Service=ClusterService{Name=Cluster, State=(SERVICE_STARTED, STATE_ANNOUNCE), Id=0, Version=3.6}
  ToMemberSet=null
  NotifySent=false
  
  LastRecvTimestamp=Mon Aug 09 14:33:25 EDT 2010
  MemberSet=MemberSet(Size=1, BitSetCount=1, ids=[1])
  }
2010-08-09 14:35:55.133/165.234 Oracle Coherence GE 3.6.0.0 DPR2 <Warning> (thread=Cluster, member=n/a): Received a discovery message that indicates the presence of an existing cluster that does not respond to join requests; this is usually caused by a network layer failure:
Message "SeniorMemberHeartbeat"
  {
  FromMember=Member(Id=1, Timestamp=2010-08-09 09:11:26.375, Address=10.137.142.88:8089, MachineId=3416, Location=site:amer.bea.com,machine:quidditch,process:4532, Role=CoherenceConsole)
  FromMessageId=0
  Internal=false
  MessagePartCount=1
  PendingCount=0
  MessageType=17
  ToPollId=0
  Poll=null
  Packets
    {
    [000]=Broadcast{PacketType=0x0DDF00D2, ToId=0, FromId=1, Direction=Incoming, ReceivedMillis=14:35:55.133, MessageType=17, MessagePartCount=1, MessagePartIndex=0, Body=0x000000012A56FA1DA70A898E5800000000000000000000000040001F9900000D580001050104020E636C75737465723A3078433444420C616D65722E6265612E636F6D400971756964646974636804343533324010436F686572656E6365436F6E736F6C6500000000012A5820E6EC0001000100, Body.length=116}
    }
  Service=ClusterService{Name=Cluster, State=(SERVICE_STARTED, STATE_ANNOUNCE), Id=0, Version=3.6}
  ToMemberSet=null
  NotifySent=false
  
  LastRecvTimestamp=Mon Aug 09 14:33:25 EDT 2010
  MemberSet=MemberSet(Size=1, BitSetCount=1, ids=[1])
  }
2010-08-09 14:36:01.133/171.234 Oracle Coherence GE 3.6.0.0 DPR2 <Warning> (thread=Cluster, member=n/a): Received a discovery message that indicates the presence of an existing cluster that does not respond to join requests; this is usually caused by a network layer failure:
Message "SeniorMemberHeartbeat"
  {
  FromMember=Member(Id=1, Timestamp=2010-08-09 09:11:26.375, Address=10.137.142.88:8089, MachineId=3416, Location=site:amer.bea.com,machine:quidditch,process:4532, Role=CoherenceConsole)
  FromMessageId=0
  Internal=false
  MessagePartCount=1
  PendingCount=0
  MessageType=17
  ToPollId=0
  Poll=null
  Packets
    {
    [000]=Broadcast{PacketType=0x0DDF00D2, ToId=0, FromId=1, Direction=Incoming, ReceivedMillis=14:36:01.133, MessageType=17, MessagePartCount=1, MessagePartIndex=0, Body=0x000000012A56FA1DA70A898E5800000000000000000000000040001F9900000D580001050104020E636C75737465723A3078433444420C616D65722E6265612E636F6D400971756964646974636804343533324010436F686572656E6365436F6E736F6C6500000000012A5820E6EC0001000100, Body.length=116}
    }
  Service=ClusterService{Name=Cluster, State=(SERVICE_STARTED, STATE_ANNOUNCE), Id=0, Version=3.6}
  ToMemberSet=null
  NotifySent=false
  
  LastRecvTimestamp=Mon Aug 09 14:33:25 EDT 2010
  MemberSet=MemberSet(Size=1, BitSetCount=1, ids=[1])
  }
2010-08-09 14:36:07.117/177.218 Oracle Coherence GE 3.6.0.0 DPR2 <Warning> (thread=Cluster, member=n/a): Received a discovery message that indicates the presence of an existing cluster that does not respond to join requests; this is usually caused by a network layer failure:
Message "SeniorMemberHeartbeat"
  {
  FromMember=Member(Id=1, Timestamp=2010-08-09 09:11:26.375, Address=10.137.142.88:8089, MachineId=3416, Location=site:amer.bea.com,machine:quidditch,process:4532, Role=CoherenceConsole)
  FromMessageId=0
  Internal=false
  MessagePartCount=1
  PendingCount=0
  MessageType=17
  ToPollId=0
  Poll=null
  Packets
    {
    [000]=Broadcast{PacketType=0x0DDF00D2, ToId=0, FromId=1, Direction=Incoming, ReceivedMillis=14:36:07.117, MessageType=17, MessagePartCount=1, MessagePartIndex=0, Body=0x000000012A56FA1DA70A898E5800000000000000000000000040001F9900000D580001050104020E636C75737465723A3078433444420C616D65722E6265612E636F6D400971756964646974636804343533324010436F686572656E6365436F6E736F6C6500000000012A5820E6EC0001000100, Body.length=116}
    }
  Service=ClusterService{Name=Cluster, State=(SERVICE_STARTED, STATE_ANNOUNCE), Id=0, Version=3.6}
  ToMemberSet=null
  NotifySent=false
  
  LastRecvTimestamp=Mon Aug 09 14:33:25 EDT 2010
  MemberSet=MemberSet(Size=1, BitSetCount=1, ids=[1])
  }
2010-08-09 14:36:13.117/183.218 Oracle Coherence GE 3.6.0.0 DPR2 <Warning> (thread=Cluster, member=n/a): Received a discovery message that indicates the presence of an existing cluster that does not respond to join requests; this is usually caused by a network layer failure:
Message "SeniorMemberHeartbeat"
  {
  FromMember=Member(Id=1, Timestamp=2010-08-09 09:11:26.375, Address=10.137.142.88:8089, MachineId=3416, Location=site:amer.bea.com,machine:quidditch,process:4532, Role=CoherenceConsole)
  FromMessageId=0
  Internal=false
  MessagePartCount=1
  PendingCount=0
  MessageType=17
  ToPollId=0
  Poll=null
  Packets
    {
    [000]=Broadcast{PacketType=0x0DDF00D2, ToId=0, FromId=1, Direction=Incoming, ReceivedMillis=14:36:13.117, MessageType=17, MessagePartCount=1, MessagePartIndex=0, Body=0x000000012A56FA1DA70A898E5800000000000000000000000040001F9900000D580001050104020E636C75737465723A3078433444420C616D65722E6265612E636F6D400971756964646974636804343533324010436F686572656E6365436F6E736F6C6500000000012A5820E6EC0001000100, Body.length=116}
    }
  Service=ClusterService{Name=Cluster, State=(SERVICE_STARTED, STATE_ANNOUNCE), Id=0, Version=3.6}
  ToMemberSet=null
  NotifySent=false
  
  LastRecvTimestamp=Mon Aug 09 14:33:25 EDT 2010
  MemberSet=MemberSet(Size=1, BitSetCount=1, ids=[1])
  }
2010-08-09 14:36:19.117/189.218 Oracle Coherence GE 3.6.0.0 DPR2 <Warning> (thread=Cluster, member=n/a): Received a discovery message that indicates the presence of an existing cluster that does not respond to join requests; this is usually caused by a network layer failure:
Message "SeniorMemberHeartbeat"
  {
  FromMember=Member(Id=1, Timestamp=2010-08-09 09:11:26.375, Address=10.137.142.88:8089, MachineId=3416, Location=site:amer.bea.com,machine:quidditch,process:4532, Role=CoherenceConsole)
  FromMessageId=0
  Internal=false
  MessagePartCount=1
  PendingCount=0
  MessageType=17
  ToPollId=0
  Poll=null
  Packets
    {
    [000]=Broadcast{PacketType=0x0DDF00D2, ToId=0, FromId=1, Direction=Incoming, ReceivedMillis=14:36:19.117, MessageType=17, MessagePartCount=1, MessagePartIndex=0, Body=0x000000012A56FA1DA70A898E5800000000000000000000000040001F9900000D580001050104020E636C75737465723A3078433444420C616D65722E6265612E636F6D400971756964646974636804343533324010436F686572656E6365436F6E736F6C6500000000012A5820E6EC0001000100, Body.length=116}
    }
  Service=ClusterService{Name=Cluster, State=(SERVICE_STARTED, STATE_ANNOUNCE), Id=0, Version=3.6}
  ToMemberSet=null
  NotifySent=false
  
  LastRecvTimestamp=Mon Aug 09 14:33:25 EDT 2010
  MemberSet=MemberSet(Size=1, BitSetCount=1, ids=[1])
  }
2010-08-09 14:36:25.117/195.218 Oracle Coherence GE 3.6.0.0 DPR2 <Warning> (thread=Cluster, member=n/a): Received a discovery message that indicates the presence of an existing cluster that does not respond to join requests; this is usually caused by a network layer failure:
Message "SeniorMemberHeartbeat"
  {
  FromMember=Member(Id=1, Timestamp=2010-08-09 09:11:26.375, Address=10.137.142.88:8089, MachineId=3416, Location=site:amer.bea.com,machine:quidditch,process:4532, Role=CoherenceConsole)
  FromMessageId=0
  Internal=false
  MessagePartCount=1
  PendingCount=0
  MessageType=17
  ToPollId=0
  Poll=null
  Packets
    {
    [000]=Broadcast{PacketType=0x0DDF00D2, ToId=0, FromId=1, Direction=Incoming, ReceivedMillis=14:36:25.117, MessageType=17, MessagePartCount=1, MessagePartIndex=0, Body=0x000000012A56FA1DA70A898E5800000000000000000000000040001F9900000D580001050104020E636C75737465723A3078433444420C616D65722E6265612E636F6D400971756964646974636804343533324010436F686572656E6365436F6E736F6C6500000000012A5820E6EC0001000100, Body.length=116}
    }
  Service=ClusterService{Name=Cluster, State=(SERVICE_STARTED, STATE_ANNOUNCE), Id=0, Version=3.6}
  ToMemberSet=null
  NotifySent=false
  
  LastRecvTimestamp=Mon Aug 09 14:33:25 EDT 2010
  MemberSet=MemberSet(Size=1, BitSetCount=1, ids=[1])
  }
2010-08-09 14:36:31.117/201.218 Oracle Coherence GE 3.6.0.0 DPR2 <Warning> (thread=Cluster, member=n/a): Received a discovery message that indicates the presence of an existing cluster that does not respond to join requests; this is usually caused by a network layer failure:
Message "SeniorMemberHeartbeat"
  {
  FromMember=Member(Id=1, Timestamp=2010-08-09 09:11:26.375, Address=10.137.142.88:8089, MachineId=3416, Location=site:amer.bea.com,machine:quidditch,process:4532, Role=CoherenceConsole)
  FromMessageId=0
  Internal=false
  MessagePartCount=1
  PendingCount=0
  MessageType=17
  ToPollId=0
  Poll=null
  Packets
    {
    [000]=Broadcast{PacketType=0x0DDF00D2, ToId=0, FromId=1, Direction=Incoming, ReceivedMillis=14:36:31.117, MessageType=17, MessagePartCount=1, MessagePartIndex=0, Body=0x000000012A56FA1DA70A898E5800000000000000000000000040001F9900000D580001050104020E636C75737465723A3078433444420C616D65722E6265612E636F6D400971756964646974636804343533324010436F686572656E6365436F6E736F6C6500000000012A5820E6EC0001000100, Body.length=116}
    }
  Service=ClusterService{Name=Cluster, State=(SERVICE_STARTED, STATE_ANNOUNCE), Id=0, Version=3.6}
  ToMemberSet=null
  NotifySent=false
  
  LastRecvTimestamp=Mon Aug 09 14:33:25 EDT 2010
  MemberSet=MemberSet(Size=1, BitSetCount=1, ids=[1])
  }
2010-08-09 14:36:37.117/207.218 Oracle Coherence GE 3.6.0.0 DPR2 <Warning> (thread=Cluster, member=n/a): Received a discovery message that indicates the presence of an existing cluster that does not respond to join requests; this is usually caused by a network layer failure:
Message "SeniorMemberHeartbeat"
  {
  FromMember=Member(Id=1, Timestamp=2010-08-09 09:11:26.375, Address=10.137.142.88:8089, MachineId=3416, Location=site:amer.bea.com,machine:quidditch,process:4532, Role=CoherenceConsole)
  FromMessageId=0
  Internal=false
  MessagePartCount=1
  PendingCount=0
  MessageType=17
  ToPollId=0
  Poll=null
  Packets
    {
    [000]=Broadcast{PacketType=0x0DDF00D2, ToId=0, FromId=1, Direction=Incoming, ReceivedMillis=14:36:37.117, MessageType=17, MessagePartCount=1, MessagePartIndex=0, Body=0x000000012A56FA1DA70A898E5800000000000000000000000040001F9900000D580001050104020E636C75737465723A3078433444420C616D65722E6265612E636F6D400971756964646974636804343533324010436F686572656E6365436F6E736F6C6500000000012A5820E6EC0001000100, Body.length=116}
    }
  Service=ClusterService{Name=Cluster, State=(SERVICE_STARTED, STATE_ANNOUNCE), Id=0, Version=3.6}
  ToMemberSet=null
  NotifySent=false
  
  LastRecvTimestamp=Mon Aug 09 14:33:25 EDT 2010
  MemberSet=MemberSet(Size=1, BitSetCount=1, ids=[1])
  }
2010-08-09 14:36:43.117/213.218 Oracle Coherence GE 3.6.0.0 DPR2 <Warning> (thread=Cluster, member=n/a): Received a discovery message that indicates the presence of an existing cluster that does not respond to join requests; this is usually caused by a network layer failure:
Message "SeniorMemberHeartbeat"
  {
  FromMember=Member(Id=1, Timestamp=2010-08-09 09:11:26.375, Address=10.137.142.88:8089, MachineId=3416, Location=site:amer.bea.com,machine:quidditch,process:4532, Role=CoherenceConsole)
  FromMessageId=0
  Internal=false
  MessagePartCount=1
  PendingCount=0
  MessageType=17
  ToPollId=0
  Poll=null
  Packets
    {
    [000]=Broadcast{PacketType=0x0DDF00D2, ToId=0, FromId=1, Direction=Incoming, ReceivedMillis=14:36:43.117, MessageType=17, MessagePartCount=1, MessagePartIndex=0, Body=0x000000012A56FA1DA70A898E5800000000000000000000000040001F9900000D580001050104020E636C75737465723A3078433444420C616D65722E6265612E636F6D400971756964646974636804343533324010436F686572656E6365436F6E736F6C6500000000012A5820E6EC0001000100, Body.length=116}
    }
  Service=ClusterService{Name=Cluster, State=(SERVICE_STARTED, STATE_ANNOUNCE), Id=0, Version=3.6}
  ToMemberSet=null
  NotifySent=false
  
  LastRecvTimestamp=Mon Aug 09 14:33:25 EDT 2010
  MemberSet=MemberSet(Size=1, BitSetCount=1, ids=[1])
  }
2010-08-09 14:36:49.117/219.218 Oracle Coherence GE 3.6.0.0 DPR2 <Warning> (thread=Cluster, member=n/a): Received a discovery message that indicates the presence of an existing cluster that does not respond to join requests; this is usually caused by a network layer failure:
Message "SeniorMemberHeartbeat"
  {
  FromMember=Member(Id=1, Timestamp=2010-08-09 09:11:26.375, Address=10.137.142.88:8089, MachineId=3416, Location=site:amer.bea.com,machine:quidditch,process:4532, Role=CoherenceConsole)
  FromMessageId=0
  Internal=false
  MessagePartCount=1
  PendingCount=0
  MessageType=17
  ToPollId=0
  Poll=null
  Packets
    {
    [000]=Broadcast{PacketType=0x0DDF00D2, ToId=0, FromId=1, Direction=Incoming, ReceivedMillis=14:36:49.117, MessageType=17, MessagePartCount=1, MessagePartIndex=0, Body=0x000000012A56FA1DA70A898E5800000000000000000000000040001F9900000D580001050104020E636C75737465723A3078433444420C616D65722E6265612E636F6D400971756964646974636804343533324010436F686572656E6365436F6E736F6C6500000000012A5820E6EC0001000100, Body.length=116}
    }
  Service=ClusterService{Name=Cluster, State=(SERVICE_STARTED, STATE_ANNOUNCE), Id=0, Version=3.6}
  ToMemberSet=null
  NotifySent=false
  
  LastRecvTimestamp=Mon Aug 09 14:33:25 EDT 2010
  MemberSet=MemberSet(Size=1, BitSetCount=1, ids=[1])
  }
2010-08-09 14:36:54.133/224.234 Oracle Coherence GE 3.6.0.0 DPR2 <Warning> (thread=Cluster, member=n/a): Received a discovery message that indicates the presence of an existing cluster that does not respond to join requests; this is usually caused by a network layer failure:
Message "SeniorMemberHeartbeat"
  {
  FromMember=Member(Id=1, Timestamp=2010-08-09 09:11:26.375, Address=10.137.142.88:8089, MachineId=3416, Location=site:amer.bea.com,machine:quidditch,process:4532, Role=CoherenceConsole)
  FromMessageId=0
  Internal=false
  MessagePartCount=1
  PendingCount=0
  MessageType=17
  ToPollId=0
  Poll=null
  Packets
    {
    [000]=Broadcast{PacketType=0x0DDF00D2, ToId=0, FromId=1, Direction=Incoming, ReceivedMillis=14:36:54.133, MessageType=17, MessagePartCount=1, MessagePartIndex=0, Body=0x000000012A56FA1DA70A898E5800000000000000000000000040001F9900000D580001050104020E636C75737465723A3078433444420C616D65722E6265612E636F6D400971756964646974636804343533324010436F686572656E6365436F6E736F6C6500000000012A5820E6EC0001000100, Body.length=116}
    }
  Service=ClusterService{Name=Cluster, State=(SERVICE_STARTED, STATE_ANNOUNCE), Id=0, Version=3.6}
  ToMemberSet=null
  NotifySent=false
  
  LastRecvTimestamp=Mon Aug 09 14:33:25 EDT 2010
  MemberSet=MemberSet(Size=1, BitSetCount=1, ids=[1])
  }
2010-08-09 14:37:00.133/230.234 Oracle Coherence GE 3.6.0.0 DPR2 <Warning> (thread=Cluster, member=n/a): Received a discovery message that indicates the presence of an existing cluster that does not respond to join requests; this is usually caused by a network layer failure:
Message "SeniorMemberHeartbeat"
  {
  FromMember=Member(Id=1, Timestamp=2010-08-09 09:11:26.375, Address=10.137.142.88:8089, MachineId=3416, Location=site:amer.bea.com,machine:quidditch,process:4532, Role=CoherenceConsole)
  FromMessageId=0
  Internal=false
  MessagePartCount=1
  PendingCount=0
  MessageType=17
  ToPollId=0
  Poll=null
  Packets
    {
    [000]=Broadcast{PacketType=0x0DDF00D2, ToId=0, FromId=1, Direction=Incoming, ReceivedMillis=14:37:00.133, MessageType=17, MessagePartCount=1, MessagePartIndex=0, Body=0x000000012A56FA1DA70A898E5800000000000000000000000040001F9900000D580001050104020E636C75737465723A3078433444420C616D65722E6265612E636F6D400971756964646974636804343533324010436F686572656E6365436F6E736F6C6500000000012A5820E6EC0001000100, Body.length=116}
    }
  Service=ClusterService{Name=Cluster, State=(SERVICE_STARTED, STATE_ANNOUNCE), Id=0, Version=3.6}
  ToMemberSet=null
  NotifySent=false
  
  LastRecvTimestamp=Mon Aug 09 14:33:25 EDT 2010
  MemberSet=MemberSet(Size=1, BitSetCount=1, ids=[1])
  }
2010-08-09 14:37:06.117/236.218 Oracle Coherence GE 3.6.0.0 DPR2 <Warning> (thread=Cluster, member=n/a): Received a discovery message that indicates the presence of an existing cluster that does not respond to join requests; this is usually caused by a network layer failure:
Message "SeniorMemberHeartbeat"
  {
  FromMember=Member(Id=1, Timestamp=2010-08-09 09:11:26.375, Address=10.137.142.88:8089, MachineId=3416, Location=site:amer.bea.com,machine:quidditch,process:4532, Role=CoherenceConsole)
  FromMessageId=0
  Internal=false
  MessagePartCount=1
  PendingCount=0
  MessageType=17
  ToPollId=0
  Poll=null
  Packets
    {
    [000]=Broadcast{PacketType=0x0DDF00D2, ToId=0, FromId=1, Direction=Incoming, ReceivedMillis=14:37:06.117, MessageType=17, MessagePartCount=1, MessagePartIndex=0, Body=0x000000012A56FA1DA70A898E5800000000000000000000000040001F9900000D580001050104020E636C75737465723A3078433444420C616D65722E6265612E636F6D400971756964646974636804343533324010436F686572656E6365436F6E736F6C6500000000012A5820E6EC0001000100, Body.length=116}
    }
  Service=ClusterService{Name=Cluster, State=(SERVICE_STARTED, STATE_ANNOUNCE), Id=0, Version=3.6}
  ToMemberSet=null
  NotifySent=false
  
  LastRecvTimestamp=Mon Aug 09 14:33:25 EDT 2010
  MemberSet=MemberSet(Size=1, BitSetCount=1, ids=[1])
  }
2010-08-09 14:37:12.117/242.218 Oracle Coherence GE 3.6.0.0 DPR2 <Warning> (thread=Cluster, member=n/a): Received a discovery message that indicates the presence of an existing cluster that does not respond to join requests; this is usually caused by a network layer failure:
Message "SeniorMemberHeartbeat"
  {
  FromMember=Member(Id=1, Timestamp=2010-08-09 09:11:26.375, Address=10.137.142.88:8089, MachineId=3416, Location=site:amer.bea.com,machine:quidditch,process:4532, Role=CoherenceConsole)
  FromMessageId=0
  Internal=false
  MessagePartCount=1
  PendingCount=0
  MessageType=17
  ToPollId=0
  Poll=null
  Packets
    {
    [000]=Broadcast{PacketType=0x0DDF00D2, ToId=0, FromId=1, Direction=Incoming, ReceivedMillis=14:37:12.117, MessageType=17, MessagePartCount=1, MessagePartIndex=0, Body=0x000000012A56FA1DA70A898E5800000000000000000000000040001F9900000D580001050104020E636C75737465723A3078433444420C616D65722E6265612E636F6D400971756964646974636804343533324010436F686572656E6365436F6E736F6C6500000000012A5820E6EC0001000100, Body.length=116}
    }
  Service=ClusterService{Name=Cluster, State=(SERVICE_STARTED, STATE_ANNOUNCE), Id=0, Version=3.6}
  ToMemberSet=null
  NotifySent=false
  
  LastRecvTimestamp=Mon Aug 09 14:33:25 EDT 2010
  MemberSet=MemberSet(Size=1, BitSetCount=1, ids=[1])
  }
2010-08-09 14:37:18.117/248.218 Oracle Coherence GE 3.6.0.0 DPR2 <Warning> (thread=Cluster, member=n/a): Received a discovery message that indicates the presence of an existing cluster that does not respond to join requests; this is usually caused by a network layer failure:
Message "SeniorMemberHeartbeat"
  {
  FromMember=Member(Id=1, Timestamp=2010-08-09 09:11:26.375, Address=10.137.142.88:8089, MachineId=3416, Location=site:amer.bea.com,machine:quidditch,process:4532, Role=CoherenceConsole)
  FromMessageId=0
  Internal=false
  MessagePartCount=1
  PendingCount=0
  MessageType=17
  ToPollId=0
  Poll=null
  Packets
    {
    [000]=Broadcast{PacketType=0x0DDF00D2, ToId=0, FromId=1, Direction=Incoming, ReceivedMillis=14:37:18.117, MessageType=17, MessagePartCount=1, MessagePartIndex=0, Body=0x000000012A56FA1DA70A898E5800000000000000000000000040001F9900000D580001050104020E636C75737465723A3078433444420C616D65722E6265612E636F6D400971756964646974636804343533324010436F686572656E6365436F6E736F6C6500000000012A5820E6EC0001000100, Body.length=116}
    }
  Service=ClusterService{Name=Cluster, State=(SERVICE_STARTED, STATE_ANNOUNCE), Id=0, Version=3.6}
  ToMemberSet=null
  NotifySent=false
  
  LastRecvTimestamp=Mon Aug 09 14:33:25 EDT 2010
  MemberSet=MemberSet(Size=1, BitSetCount=1, ids=[1])
  }
2010-08-09 14:37:24.117/254.218 Oracle Coherence GE 3.6.0.0 DPR2 <Warning> (thread=Cluster, member=n/a): Received a discovery message that indicates the presence of an existing cluster that does not respond to join requests; this is usually caused by a network layer failure:
Message "SeniorMemberHeartbeat"
  {
  FromMember=Member(Id=1, Timestamp=2010-08-09 09:11:26.375, Address=10.137.142.88:8089, MachineId=3416, Location=site:amer.bea.com,machine:quidditch,process:4532, Role=CoherenceConsole)
  FromMessageId=0
  Internal=false
  MessagePartCount=1
  PendingCount=0
  MessageType=17
  ToPollId=0
  Poll=null
  Packets
    {
    [000]=Broadcast{PacketType=0x0DDF00D2, ToId=0, FromId=1, Direction=Incoming, ReceivedMillis=14:37:24.117, MessageType=17, MessagePartCount=1, MessagePartIndex=0, Body=0x000000012A56FA1DA70A898E5800000000000000000000000040001F9900000D580001050104020E636C75737465723A3078433444420C616D65722E6265612E636F6D400971756964646974636804343533324010436F686572656E6365436F6E736F6C6500000000012A5820E6EC0001000100, Body.length=116}
    }
  Service=ClusterService{Name=Cluster, State=(SERVICE_STARTED, STATE_ANNOUNCE), Id=0, Version=3.6}
  ToMemberSet=null
  NotifySent=false
  
  LastRecvTimestamp=Mon Aug 09 14:33:25 EDT 2010
  MemberSet=MemberSet(Size=1, BitSetCount=1, ids=[1])
  }
2010-08-09 14:37:30.117/260.218 Oracle Coherence GE 3.6.0.0 DPR2 <Warning> (thread=Cluster, member=n/a): Received a discovery message that indicates the presence of an existing cluster that does not respond to join requests; this is usually caused by a network layer failure:
Message "SeniorMemberHeartbeat"
  {
  FromMember=Member(Id=1, Timestamp=2010-08-09 09:11:26.375, Address=10.137.142.88:8089, MachineId=3416, Location=site:amer.bea.com,machine:quidditch,process:4532, Role=CoherenceConsole)
  FromMessageId=0
  Internal=false
  MessagePartCount=1
  PendingCount=0
  MessageType=17
  ToPollId=0
  Poll=null
  Packets
    {
    [000]=Broadcast{PacketType=0x0DDF00D2, ToId=0, FromId=1, Direction=Incoming, ReceivedMillis=14:37:30.117, MessageType=17, MessagePartCount=1, MessagePartIndex=0, Body=0x000000012A56FA1DA70A898E5800000000000000000000000040001F9900000D580001050104020E636C75737465723A3078433444420C616D65722E6265612E636F6D400971756964646974636804343533324010436F686572656E6365436F6E736F6C6500000000012A5820E6EC0001000100, Body.length=116}
    }
  Service=ClusterService{Name=Cluster, State=(SERVICE_STARTED, STATE_ANNOUNCE), Id=0, Version=3.6}
  ToMemberSet=null
  NotifySent=false
  
  LastRecvTimestamp=Mon Aug 09 14:33:25 EDT 2010
  MemberSet=MemberSet(Size=1, BitSetCount=1, ids=[1])
  }
2010-08-09 14:37:36.117/266.218 Oracle Coherence GE 3.6.0.0 DPR2 <Warning> (thread=Cluster, member=n/a): Received a discovery message that indicates the presence of an existing cluster that does not respond to join requests; this is usually caused by a network layer failure:
Message "SeniorMemberHeartbeat"
  {
  FromMember=Member(Id=1, Timestamp=2010-08-09 09:11:26.375, Address=10.137.142.88:8089, MachineId=3416, Location=site:amer.bea.com,machine:quidditch,process:4532, Role=CoherenceConsole)
  FromMessageId=0
  Internal=false
  MessagePartCount=1
  PendingCount=0
  MessageType=17
  ToPollId=0
  Poll=null
  Packets
    {
    [000]=Broadcast{PacketType=0x0DDF00D2, ToId=0, FromId=1, Direction=Incoming, ReceivedMillis=14:37:36.117, MessageType=17, MessagePartCount=1, MessagePartIndex=0, Body=0x000000012A56FA1DA70A898E5800000000000000000000000040001F9900000D580001050104020E636C75737465723A3078433444420C616D65722E6265612E636F6D400971756964646974636804343533324010436F686572656E6365436F6E736F6C6500000000012A5820E6EC0001000100, Body.length=116}
    }
  Service=ClusterService{Name=Cluster, State=(SERVICE_STARTED, STATE_ANNOUNCE), Id=0, Version=3.6}
  ToMemberSet=null
  NotifySent=false
  
  LastRecvTimestamp=Mon Aug 09 14:33:25 EDT 2010
  MemberSet=MemberSet(Size=1, BitSetCount=1, ids=[1])
  }
2010-08-09 14:37:42.117/272.218 Oracle Coherence GE 3.6.0.0 DPR2 <Warning> (thread=Cluster, member=n/a): Received a discovery message that indicates the presence of an existing cluster that does not respond to join requests; this is usually caused by a network layer failure:
Message "SeniorMemberHeartbeat"
  {
  FromMember=Member(Id=1, Timestamp=2010-08-09 09:11:26.375, Address=10.137.142.88:8089, MachineId=3416, Location=site:amer.bea.com,machine:quidditch,process:4532, Role=CoherenceConsole)
  FromMessageId=0
  Internal=false
  MessagePartCount=1
  PendingCount=0
  MessageType=17
  ToPollId=0
  Poll=null
  Packets
    {
    [000]=Broadcast{PacketType=0x0DDF00D2, ToId=0, FromId=1, Direction=Incoming, ReceivedMillis=14:37:42.117, MessageType=17, MessagePartCount=1, MessagePartIndex=0, Body=0x000000012A56FA1DA70A898E5800000000000000000000000040001F9900000D580001050104020E636C75737465723A3078433444420C616D65722E6265612E636F6D400971756964646974636804343533324010436F686572656E6365436F6E736F6C6500000000012A5820E6EC0001000100, Body.length=116}
    }
  Service=ClusterService{Name=Cluster, State=(SERVICE_STARTED, STATE_ANNOUNCE), Id=0, Version=3.6}
  ToMemberSet=null
  NotifySent=false
  
  LastRecvTimestamp=Mon Aug 09 14:33:25 EDT 2010
  MemberSet=MemberSet(Size=1, BitSetCount=1, ids=[1])
  }
2010-08-09 14:37:45.930/276.031 Oracle Coherence GE 3.6.0.0 DPR2 <Error> (thread=Cluster, member=n/a): Attempting recovery (due to soft timeout) of Guard{Daemon=TcpRingListener}
2010-08-09 14:37:47.149/277.250 Oracle Coherence GE 3.6.0.0 DPR2 <Warning> (thread=Cluster, member=n/a): Received a discovery message that indicates the presence of an existing cluster that does not respond to join requests; this is usually caused by a network layer failure:
Message "SeniorMemberHeartbeat"
  {
  FromMember=Member(Id=1, Timestamp=2010-08-09 09:11:26.375, Address=10.137.142.88:8089, MachineId=3416, Location=site:amer.bea.com,machine:quidditch,process:4532, Role=CoherenceConsole)
  FromMessageId=0
  Internal=false
  MessagePartCount=1
  PendingCount=0
  MessageType=17
  ToPollId=0
  Poll=null
  Packets
    {
    [000]=Broadcast{PacketType=0x0DDF00D2, ToId=0, FromId=1, Direction=Incoming, ReceivedMillis=14:37:47.117, MessageType=17, MessagePartCount=1, MessagePartIndex=0, Body=0x000000012A56FA1DA70A898E5800000000000000000000000040001F9900000D580001050104020E636C75737465723A3078433444420C616D65722E6265612E636F6D400971756964646974636804343533324010436F686572656E6365436F6E736F6C6500000000012A5820E6EC0001000100, Body.length=116}
    }
  Service=ClusterService{Name=Cluster, State=(SERVICE_STARTED, STATE_ANNOUNCE), Id=0, Version=3.6}
  ToMemberSet=null
  NotifySent=false
  
  LastRecvTimestamp=Mon Aug 09 14:33:25 EDT 2010
  MemberSet=MemberSet(Size=1, BitSetCount=1, ids=[1])
  }
2010-08-09 14:37:53.133/283.234 Oracle Coherence GE 3.6.0.0 DPR2 <Warning> (thread=Cluster, member=n/a): Received a discovery message that indicates the presence of an existing cluster that does not respond to join requests; this is usually caused by a network layer failure:
Message "SeniorMemberHeartbeat"
  {
  FromMember=Member(Id=1, Timestamp=2010-08-09 09:11:26.375, Address=10.137.142.88:8089, MachineId=3416, Location=site:amer.bea.com,machine:quidditch,process:4532, Role=CoherenceConsole)
  FromMessageId=0
  Internal=false
  MessagePartCount=1
  PendingCount=0
  MessageType=17
  ToPollId=0
  Poll=null
  Packets
    {
    [000]=Broadcast{PacketType=0x0DDF00D2, ToId=0, FromId=1, Direction=Incoming, ReceivedMillis=14:37:53.117, MessageType=17, MessagePartCount=1, MessagePartIndex=0, Body=0x000000012A56FA1DA70A898E5800000000000000000000000040001F9900000D580001050104020E636C75737465723A3078433444420C616D65722E6265612E636F6D400971756964646974636804343533324010436F686572656E6365436F6E736F6C6500000000012A58277BBC0001000100, Body.length=116}
    }
  Service=ClusterService{Name=Cluster, State=(SERVICE_STARTED, STATE_ANNOUNCE), Id=0, Version=3.6}
  ToMemberSet=null
  NotifySent=false
  
  LastRecvTimestamp=Mon Aug 09 14:40:36 EDT 2010
  MemberSet=MemberSet(Size=1, BitSetCount=1, ids=[1])
  }
2010-08-09 14:37:59.117/289.218 Oracle Coherence GE 3.6.0.0 DPR2 <Warning> (thread=Cluster, member=n/a): Received a discovery message that indicates the presence of an existing cluster that does not respond to join requests; this is usually caused by a network layer failure:
Message "SeniorMemberHeartbeat"
  {
  FromMember=Member(Id=1, Timestamp=2010-08-09 09:11:26.375, Address=10.137.142.88:8089, MachineId=3416, Location=site:amer.bea.com,machine:quidditch,process:4532, Role=CoherenceConsole)
  FromMessageId=0
  Internal=false
  MessagePartCount=1
  PendingCount=0
  MessageType=17
  ToPollId=0
  Poll=null
  Packets
    {
    [000]=Broadcast{PacketType=0x0DDF00D2, ToId=0, FromId=1, Direction=Incoming, ReceivedMillis=14:37:59.117, MessageType=17, MessagePartCount=1, MessagePartIndex=0, Body=0x000000012A56FA1DA70A898E5800000000000000000000000040001F9900000D580001050104020E636C75737465723A3078433444420C616D65722E6265612E636F6D400971756964646974636804343533324010436F686572656E6365436F6E736F6C6500000000012A58277BBC0001000100, Body.length=116}
    }
  Service=ClusterService{Name=Cluster, State=(SERVICE_STARTED, STATE_ANNOUNCE), Id=0, Version=3.6}
  ToMemberSet=null
  NotifySent=false
  
  LastRecvTimestamp=Mon Aug 09 14:40:36 EDT 2010
  MemberSet=MemberSet(Size=1, BitSetCount=1, ids=[1])
  }
2010-08-09 14:38:05.117/295.218 Oracle Coherence GE 3.6.0.0 DPR2 <Warning> (thread=Cluster, member=n/a): Received a discovery message that indicates the presence of an existing cluster that does not respond to join requests; this is usually caused by a network layer failure:
Message "SeniorMemberHeartbeat"
  {
  FromMember=Member(Id=1, Timestamp=2010-08-09 09:11:26.375, Address=10.137.142.88:8089, MachineId=3416, Location=site:amer.bea.com,machine:quidditch,process:4532, Role=CoherenceConsole)
  FromMessageId=0
  Internal=false
  MessagePartCount=1
  PendingCount=0
  MessageType=17
  ToPollId=0
  Poll=null
  Packets
    {
    [000]=Broadcast{PacketType=0x0DDF00D2, ToId=0, FromId=1, Direction=Incoming, ReceivedMillis=14:38:05.117, MessageType=17, MessagePartCount=1, MessagePartIndex=0, Body=0x000000012A56FA1DA70A898E5800000000000000000000000040001F9900000D580001050104020E636C75737465723A3078433444420C616D65722E6265612E636F6D400971756964646974636804343533324010436F686572656E6365436F6E736F6C6500000000012A58277BBC0001000100, Body.length=116}
    }
  Service=ClusterService{Name=Cluster, State=(SERVICE_STARTED, STATE_ANNOUNCE), Id=0, Version=3.6}
  ToMemberSet=null
  NotifySent=false
  
  LastRecvTimestamp=Mon Aug 09 14:40:36 EDT 2010
  MemberSet=MemberSet(Size=1, BitSetCount=1, ids=[1])
  }
2010-08-09 14:38:11.117/301.218 Oracle Coherence GE 3.6.0.0 DPR2 <Warning> (thread=Cluster, member=n/a): Received a discovery message that indicates the presence of an existing cluster that does not respond to join requests; this is usually caused by a network layer failure:
Message "SeniorMemberHeartbeat"
  {
  FromMember=Member(Id=1, Timestamp=2010-08-09 09:11:26.375, Address=10.137.142.88:8089, MachineId=3416, Location=site:amer.bea.com,machine:quidditch,process:4532, Role=CoherenceConsole)
  FromMessageId=0
  Internal=false
  MessagePartCount=1
  PendingCount=0
  MessageType=17
  ToPollId=0
  Poll=null
  Packets
    {
    [000]=Broadcast{PacketType=0x0DDF00D2, ToId=0, FromId=1, Direction=Incoming, ReceivedMillis=14:38:11.117, MessageType=17, MessagePartCount=1, MessagePartIndex=0, Body=0x000000012A56FA1DA70A898E5800000000000000000000000040001F9900000D580001050104020E636C75737465723A3078433444420C616D65722E6265612E636F6D400971756964646974636804343533324010436F686572656E6365436F6E736F6C6500000000012A58277BBC0001000100, Body.length=116}
    }
  Service=ClusterService{Name=Cluster, State=(SERVICE_STARTED, STATE_ANNOUNCE), Id=0, Version=3.6}
  ToMemberSet=null
  NotifySent=false
  
  LastRecvTimestamp=Mon Aug 09 14:40:36 EDT 2010
  MemberSet=MemberSet(Size=1, BitSetCount=1, ids=[1])
  }
2010-08-09 14:38:11.742/301.843 Oracle Coherence GE 3.6.0.0 DPR2 <D5> (thread=Cluster, member=n/a): Service Cluster left the cluster
2010-08-09 14:38:11.742/301.843 Oracle Coherence GE 3.6.0.0 DPR2 <Error> (thread=main, member=n/a): Error while starting cluster: com.tangosol.net.RequestTimeoutException: Timeout during service start: ServiceInfo(Id=0, Name=Cluster, Type=Cluster
  MemberSet=ServiceMemberSet(
    OldestMember=n/a
    ActualMemberSet=MemberSet(Size=0, BitSetCount=0
      )
    MemberId/ServiceVersion/ServiceJoined/MemberState
    )
)
	at com.tangosol.coherence.component.util.daemon.queueProcessor.service.Grid.onStartupTimeout(Grid.CDB:6)
	at com.tangosol.coherence.component.util.daemon.queueProcessor.Service.start(Service.CDB:28)
	at com.tangosol.coherence.component.util.daemon.queueProcessor.service.Grid.start(Grid.CDB:38)
	at com.tangosol.coherence.component.net.Cluster.onStart(Cluster.CDB:393)
	at com.tangosol.coherence.component.net.Cluster.start(Cluster.CDB:11)
	at com.tangosol.coherence.component.util.SafeCluster.startCluster(SafeCluster.CDB:3)
	at com.tangosol.coherence.component.util.SafeCluster.restartCluster(SafeCluster.CDB:7)
	at com.tangosol.coherence.component.util.SafeCluster.ensureRunningCluster(SafeCluster.CDB:27)
	at com.tangosol.coherence.component.util.SafeCluster.start(SafeCluster.CDB:2)
	at com.tangosol.net.CacheFactory.ensureCluster(CacheFactory.java:998)
	at com.tangosol.net.DefaultConfigurableCacheFactory.ensureServiceInternal(DefaultConfigurableCacheFactory.java:920)
	at com.tangosol.net.DefaultConfigurableCacheFactory.ensureService(DefaultConfigurableCacheFactory.java:889)
	at com.tangosol.net.DefaultConfigurableCacheFactory.ensureCache(DefaultConfigurableCacheFactory.java:871)
	at com.tangosol.net.DefaultConfigurableCacheFactory.configureCache(DefaultConfigurableCacheFactory.java:1188)
	at com.tangosol.net.DefaultConfigurableCacheFactory.ensureCache(DefaultConfigurableCacheFactory.java:287)
	at com.tangosol.net.CacheFactory.getCache(CacheFactory.java:735)
	at com.tangosol.net.CacheFactory.getCache(CacheFactory.java:712)
	at com.seovic.coherence.identity.CoherenceSequenceGenerator.<clinit>(Unknown Source)
	at java.lang.Class.forName0(Native Method)
	at java.lang.Class.forName(Class.java:169)
	at com.seovic.config.Configuration.getSequenceGeneratorType(Unknown Source)
	at com.seovic.identity.SequenceGenerator.create(Unknown Source)
	at com.oracle.education.retail.Base.<init>(Base.java:15)
	at com.oracle.education.retail.Item.<init>(Item.java:15)
	at com.oracle.education.loader.Loader.<clinit>(Loader.java:24)
	at retail.test.TestMapListener.main(TestMapListener.java:31)

